<?xml version="1.0" encoding="UTF-8"?>
<testsuite name="Tests" tests="3" skipped="0" failures="0" errors="0" timestamp="2019-02-26T12:38:32" hostname="alex-Aspire-E5-573G" time="0.031">
  <properties/>
  <testcase name="testState" classname="Tests" time="0.003"/>
  <testcase name="testMachine" classname="Tests" time="0.021"/>
  <testcase name="testTransition" classname="Tests" time="0.001"/>
  <system-out><![CDATA[Valid text
]]></system-out>
  <system-err><![CDATA[]]></system-err>
</testsuite>
